<?xml version="1.0" encoding="UTF-8"?>
<testsuites name="Mocha Tests" time="2.0090" tests="1" failures="0">
  <testsuite name="Root Suite" timestamp="2023-06-11T15:06:07" tests="0" file="cypress/e2e/spec.cy.js" time="0.0000" failures="0">
  </testsuite>
  <testsuite name="empty spec" timestamp="2023-06-11T15:06:08" tests="1" time="2.0090" failures="0">
    <testcase name="empty spec passes" time="2.0090" classname="passes">
    </testcase>
  </testsuite>
</testsuites>